Tue Aug 12 19:49:47 CDT 2025
MaxEnt version 3.4.3
Reading file background
readGrid: max memory 15271460864, total allocated 1330642944, free 448004184, used 882638760, increment 39803384
Reading samples from presence
Read samples: max memory 15271460864, total allocated 1330642944, free 383880616, used 946762328, increment 64123568
Adding samples to background in feature space
Command line used:  autorun -e H:/Crane_SDMs/Grus_leucogeranus/winter/background -o H:/Crane_SDMs/Grus_leucogeranus/winter -s H:/Crane_SDMs/Grus_leucogeranus/winter/presence -z noremoveDuplicates noautofeature jackknife=TRUE responsecurves=TRUE threads=16 nohinge noproduct threshold betamultiplier=5
Command line to repeat: java density.MaxEnt nowarnings noprefixes responsecurves jackknife outputdirectory=H:/Crane_SDMs/Grus_leucogeranus/winter samplesfile=H:/Crane_SDMs/Grus_leucogeranus/winter/presence environmentallayers=H:/Crane_SDMs/Grus_leucogeranus/winter/background noremoveduplicates betamultiplier=5.0 noproduct threshold nohinge autorun novisible noautofeature threads=16 noprefixes
Species: species
Layers: CHELSA_bio13_1981-2010_V.2.1 CHELSA_bio14_1981-2010_V.2.1 CHELSA_bio4_1981-2010_V.2.1 CHELSA_bio5_1981-2010_V.2.1 CHELSA_bio9_1981-2010_V.2.1 CHELSA_cmi_range_1981-2010_V.2.1 CHELSA_gsl_1981-2010_V.2.1 CHELSA_hurs_range_1981-2010_V.2.1 wc2.1_30s_elev
Layertypes: Continuous Continuous Continuous Continuous Continuous Continuous Continuous Continuous Continuous
responsecurves: true
jackknife: true
outputdirectory: H:/Crane_SDMs/Grus_leucogeranus/winter
samplesfile: H:/Crane_SDMs/Grus_leucogeranus/winter/presence
environmentallayers: H:/Crane_SDMs/Grus_leucogeranus/winter/background
removeduplicates: false
betamultiplier: 5.0
product: false
threshold: true
hinge: false
autorun: true
visible: false
autofeature: false
threads: 16
prefixes: false

getSamples: max memory 15271460864, total allocated 1330642944, free 383880616, used 946762328, increment 0
Making features
makeFeatures: max memory 15271460864, total allocated 1330642944, free 383880616, used 946762328, increment 0
species: 
Regularization values: linear/quadratic/product: 0.087, categorical: 0.250, threshold: 1.130, hinge: 0.500
87 samples
Density: max memory 15271460864, total allocated 1330642944, free 383880616, used 946762328, increment 0
linearPredictor: max memory 15271460864, total allocated 1330642944, free 383880616, used 946762328, increment 0
FeaturedSpace: max memory 15271460864, total allocated 1330642944, free 383880616, used 946762328, increment 0
Sequential: max memory 15271460864, total allocated 1330642944, free 383880616, used 946762328, increment 0
Initial loss: 8.926783114101351
320: time = 0.203000 loss = 4.716704
Resulting gain: 4.210079507793779
Projecting...
Writing file H:\Crane_SDMs\Grus_leucogeranus\winter\species.csv
species response curves
Response curve: only CHELSA_bio13_1981-2010_V.2.1
Response curve: only CHELSA_bio14_1981-2010_V.2.1
Response curve: only CHELSA_bio4_1981-2010_V.2.1
Response curve: only CHELSA_bio5_1981-2010_V.2.1
Response curve: only CHELSA_bio9_1981-2010_V.2.1
Response curve: only CHELSA_cmi_range_1981-2010_V.2.1
Response curve: only CHELSA_gsl_1981-2010_V.2.1
Response curve: only CHELSA_hurs_range_1981-2010_V.2.1
Response curve: only wc2.1_30s_elev
Making features
Making features
Making features
Making features
makeFeatures: max memory 15271460864, total allocated 1330642944, free 323967224, used 1006675720, increment 59913392
species CHELSA_bio13_1981-2010_V.2.1: 
Regularization values: linear/quadratic/product: 0.087, categorical: 0.250, threshold: 1.130, hinge: 0.500
Making features
makeFeatures: max memory 15271460864, total allocated 1330642944, free 322588296, used 1008054648, increment 1378928
species CHELSA_bio9_1981-2010_V.2.1: 
Regularization values: linear/quadratic/product: 0.087, categorical: 0.250, threshold: 1.130, hinge: 0.500
makeFeatures: max memory 15271460864, total allocated 1330642944, free 322588296, used 1008054648, increment 0
species CHELSA_bio14_1981-2010_V.2.1: 
Regularization values: linear/quadratic/product: 0.087, categorical: 0.250, threshold: 1.130, hinge: 0.500
Making features
makeFeatures: max memory 15271460864, total allocated 1330642944, free 321209368, used 1009433576, increment 1378928
species CHELSA_bio4_1981-2010_V.2.1: 
Regularization values: linear/quadratic/product: 0.087, categorical: 0.250, threshold: 1.130, hinge: 0.500
makeFeatures: max memory 15271460864, total allocated 1330642944, free 321209368, used 1009433576, increment 0
species CHELSA_bio5_1981-2010_V.2.1: 
Regularization values: linear/quadratic/product: 0.087, categorical: 0.250, threshold: 1.130, hinge: 0.500
makeFeatures: max memory 15271460864, total allocated 1330642944, free 321209368, used 1009433576, increment 0
species CHELSA_cmi_range_1981-2010_V.2.1: 
Regularization values: linear/quadratic/product: 0.087, categorical: 0.250, threshold: 1.130, hinge: 0.500
Making features
Making features
makeFeatures: max memory 15271460864, total allocated 1330642944, free 318451512, used 1012191432, increment 2757856
species CHELSA_hurs_range_1981-2010_V.2.1: 
Regularization values: linear/quadratic/product: 0.087, categorical: 0.250, threshold: 1.130, hinge: 0.500
Making features
87 samples
87 samples
Density: max memory 15271460864, total allocated 1330642944, free 317072584, used 1013570360, increment 1378928
linearPredictor: max memory 15271460864, total allocated 1330642944, free 317072584, used 1013570360, increment 0
87 samples
Density: max memory 15271460864, total allocated 1330642944, free 317072584, used 1013570360, increment 0
Density: max memory 15271460864, total allocated 1330642944, free 317072584, used 1013570360, increment 0
linearPredictor: max memory 15271460864, total allocated 1330642944, free 317072584, used 1013570360, increment 0
linearPredictor: max memory 15271460864, total allocated 1330642944, free 317072584, used 1013570360, increment 0
makeFeatures: max memory 15271460864, total allocated 1330642944, free 317072584, used 1013570360, increment 0
species CHELSA_gsl_1981-2010_V.2.1: 
Regularization values: linear/quadratic/product: 0.087, categorical: 0.250, threshold: 1.130, hinge: 0.500
makeFeatures: max memory 15271460864, total allocated 1330642944, free 317072584, used 1013570360, increment 0
FeaturedSpace: max memory 15271460864, total allocated 1330642944, free 317072584, used 1013570360, increment 0
Sequential: max memory 15271460864, total allocated 1330642944, free 317072584, used 1013570360, increment 0
species wc2.1_30s_elev: 
Initial loss: 8.926783114101351
Regularization values: linear/quadratic/product: 0.087, categorical: 0.250, threshold: 1.130, hinge: 0.500
FeaturedSpace: max memory 15271460864, total allocated 1330642944, free 317072584, used 1013570360, increment 0
Sequential: max memory 15271460864, total allocated 1330642944, free 317072584, used 1013570360, increment 0
Initial loss: 8.926783114101351
FeaturedSpace: max memory 15271460864, total allocated 1330642944, free 317072584, used 1013570360, increment 0
Sequential: max memory 15271460864, total allocated 1330642944, free 317072584, used 1013570360, increment 0
Initial loss: 8.926783114101351
87 samples
Density: max memory 15271460864, total allocated 1330642944, free 317072584, used 1013570360, increment 0
linearPredictor: max memory 15271460864, total allocated 1330642944, free 317072584, used 1013570360, increment 0
87 samples
Density: max memory 15271460864, total allocated 1330642944, free 317072584, used 1013570360, increment 0
linearPredictor: max memory 15271460864, total allocated 1330642944, free 317072584, used 1013570360, increment 0
FeaturedSpace: max memory 15271460864, total allocated 1330642944, free 317072584, used 1013570360, increment 0
Sequential: max memory 15271460864, total allocated 1330642944, free 317072584, used 1013570360, increment 0
Initial loss: 8.926783114101351
87 samples
FeaturedSpace: max memory 15271460864, total allocated 1330642944, free 317072584, used 1013570360, increment 0
Sequential: max memory 15271460864, total allocated 1330642944, free 317072584, used 1013570360, increment 0
Initial loss: 8.926783114101351
Density: max memory 15271460864, total allocated 1330642944, free 317072584, used 1013570360, increment 0
linearPredictor: max memory 15271460864, total allocated 1330642944, free 317072584, used 1013570360, increment 0
FeaturedSpace: max memory 15271460864, total allocated 1330642944, free 317072584, used 1013570360, increment 0
Sequential: max memory 15271460864, total allocated 1330642944, free 317072584, used 1013570360, increment 0
Initial loss: 8.926783114101351
87 samples
Density: max memory 15271460864, total allocated 1330642944, free 317072584, used 1013570360, increment 0
linearPredictor: max memory 15271460864, total allocated 1330642944, free 317072584, used 1013570360, increment 0
87 samples
Density: max memory 15271460864, total allocated 1330642944, free 317072584, used 1013570360, increment 0
linearPredictor: max memory 15271460864, total allocated 1330642944, free 317072584, used 1013570360, increment 0
FeaturedSpace: max memory 15271460864, total allocated 1330642944, free 317072584, used 1013570360, increment 0
Sequential: max memory 15271460864, total allocated 1330642944, free 317072584, used 1013570360, increment 0
Initial loss: 8.926783114101351
FeaturedSpace: max memory 15271460864, total allocated 1330642944, free 317072584, used 1013570360, increment 0
Sequential: max memory 15271460864, total allocated 1330642944, free 317072584, used 1013570360, increment 0
Initial loss: 8.926783114101351
87 samples
Density: max memory 15271460864, total allocated 1330642944, free 317072584, used 1013570360, increment 0
linearPredictor: max memory 15271460864, total allocated 1330642944, free 317072584, used 1013570360, increment 0
FeaturedSpace: max memory 15271460864, total allocated 1330642944, free 317072584, used 1013570360, increment 0
Sequential: max memory 15271460864, total allocated 1330642944, free 317072584, used 1013570360, increment 0
Initial loss: 8.926783114101351
120: time = 0.021000 loss = 4.735537
Resulting gain: 4.191246588379097
species response curves
100: time = 0.033000 loss = 5.011735
Resulting gain: 3.9150480331574036
species response curves
100: time = 0.033000 loss = 5.306295
Resulting gain: 3.620488160073174
species response curves
100: time = 0.033000 loss = 7.911239
Resulting gain: 1.015543970387287
species response curves
100: time = 0.054000 loss = 6.453433
Resulting gain: 2.4733504609649852
species response curves
120: time = 0.071000 loss = 4.789000
Resulting gain: 4.1377833698261774
species response curves
260: time = 0.080000 loss = 7.622661
Resulting gain: 1.3041223535904987
species response curves
240: time = 0.091000 loss = 6.876949
Resulting gain: 2.0498338587546945
species response curves
340: time = 0.103000 loss = 5.959531
Resulting gain: 2.967252113395487
species response curves
Jackknife: leave CHELSA_bio13_1981-2010_V.2.1 out
Jackknife: leave CHELSA_bio14_1981-2010_V.2.1 out
Jackknife: leave CHELSA_bio4_1981-2010_V.2.1 out
Jackknife: leave CHELSA_bio5_1981-2010_V.2.1 out
Jackknife: leave CHELSA_bio9_1981-2010_V.2.1 out
Jackknife: leave CHELSA_cmi_range_1981-2010_V.2.1 out
Jackknife: leave CHELSA_gsl_1981-2010_V.2.1 out
Jackknife: leave CHELSA_hurs_range_1981-2010_V.2.1 out
Jackknife: leave wc2.1_30s_elev out
Jackknife: only CHELSA_bio13_1981-2010_V.2.1
Jackknife: only CHELSA_bio14_1981-2010_V.2.1
Jackknife: only CHELSA_bio4_1981-2010_V.2.1
Jackknife: only CHELSA_bio5_1981-2010_V.2.1
Jackknife: only CHELSA_bio9_1981-2010_V.2.1
Jackknife: only CHELSA_cmi_range_1981-2010_V.2.1
Jackknife: only CHELSA_gsl_1981-2010_V.2.1
Jackknife: only CHELSA_hurs_range_1981-2010_V.2.1
Jackknife: only wc2.1_30s_elev
Making features
Making features
Making features
Making features
Making features
Making features
Making features
Making features
Making features
makeFeatures: max memory 15271460864, total allocated 1330642944, free 248534896, used 1082108048, increment 68537688
makeFeatures: max memory 15271460864, total allocated 1330642944, free 248534896, used 1082108048, increment 68537688
makeFeatures: max memory 15271460864, total allocated 1330642944, free 248534896, used 1082108048, increment 68537688
species CHELSA_gsl_1981-2010_V.2.1: 
makeFeatures: max memory 15271460864, total allocated 1330642944, free 248534896, used 1082108048, increment 68537688
Regularization values: linear/quadratic/product: 0.087, categorical: 0.250, threshold: 1.130, hinge: 0.500
makeFeatures: max memory 15271460864, total allocated 1330642944, free 248534896, used 1082108048, increment 0
species CHELSA_bio5_1981-2010_V.2.1: 
Regularization values: linear/quadratic/product: 0.087, categorical: 0.250, threshold: 1.130, hinge: 0.500
makeFeatures: max memory 15271460864, total allocated 1330642944, free 248534896, used 1082108048, increment 68537688
species CHELSA_cmi_range_1981-2010_V.2.1: 
makeFeatures: max memory 15271460864, total allocated 1330642944, free 248534896, used 1082108048, increment 68537688
species CHELSA_bio9_1981-2010_V.2.1: 
Regularization values: linear/quadratic/product: 0.087, categorical: 0.250, threshold: 1.130, hinge: 0.500
species CHELSA_bio14_1981-2010_V.2.1: 
Regularization values: linear/quadratic/product: 0.087, categorical: 0.250, threshold: 1.130, hinge: 0.500
species CHELSA_bio4_1981-2010_V.2.1: 
Regularization values: linear/quadratic/product: 0.087, categorical: 0.250, threshold: 1.130, hinge: 0.500
Regularization values: linear/quadratic/product: 0.087, categorical: 0.250, threshold: 1.130, hinge: 0.500
Making features
species CHELSA_bio13_1981-2010_V.2.1: 
Making features
Regularization values: linear/quadratic/product: 0.087, categorical: 0.250, threshold: 1.130, hinge: 0.500
Making features
Making features
Making features
Making features
87 samples
Density: max memory 15271460864, total allocated 1330642944, free 240050384, used 1090592560, increment 8484512
linearPredictor: max memory 15271460864, total allocated 1330642944, free 239990120, used 1090652824, increment 60264
Making features
87 samples
Density: max memory 15271460864, total allocated 1330642944, free 238490720, used 1092152224, increment 1499400
linearPredictor: max memory 15271460864, total allocated 1330642944, free 238490720, used 1092152224, increment 0
FeaturedSpace: max memory 15271460864, total allocated 1330642944, free 238490720, used 1092152224, increment 0
Sequential: max memory 15271460864, total allocated 1330642944, free 238490720, used 1092152224, increment 0
Initial loss: 8.926783114101351
87 samples
Density: max memory 15271460864, total allocated 1330642944, free 238430456, used 1092212488, increment 60264
linearPredictor: max memory 15271460864, total allocated 1330642944, free 238430456, used 1092212488, increment 0
87 samples
FeaturedSpace: max memory 15271460864, total allocated 1330642944, free 236956232, used 1093686712, increment 1474224
Density: max memory 15271460864, total allocated 1330642944, free 236956232, used 1093686712, increment 1474224
Sequential: max memory 15271460864, total allocated 1330642944, free 236956232, used 1093686712, increment 0
linearPredictor: max memory 15271460864, total allocated 1330642944, free 236956232, used 1093686712, increment 0
Initial loss: 8.926783114101351
FeaturedSpace: max memory 15271460864, total allocated 1330642944, free 236835704, used 1093807240, increment 120528
Sequential: max memory 15271460864, total allocated 1330642944, free 236835704, used 1093807240, increment 0
Initial loss: 8.926783114101351
FeaturedSpace: max memory 15271460864, total allocated 1330642944, free 236775440, used 1093867504, increment 60264
Sequential: max memory 15271460864, total allocated 1330642944, free 236775440, used 1093867504, increment 0
Initial loss: 8.926783114101351
makeFeatures: max memory 15271460864, total allocated 1330642944, free 236654912, used 1093988032, increment 120528
species wc2.1_30s_elev: 
Regularization values: linear/quadratic/product: 0.087, categorical: 0.250, threshold: 1.130, hinge: 0.500
87 samples
Density: max memory 15271460864, total allocated 1330642944, free 235095232, used 1095547712, increment 1559680
linearPredictor: max memory 15271460864, total allocated 1330642944, free 235034968, used 1095607976, increment 60264
87 samples
87 samples
Density: max memory 15271460864, total allocated 1330642944, free 234974704, used 1095668240, increment 60264
linearPredictor: max memory 15271460864, total allocated 1330642944, free 234914440, used 1095728504, increment 60264
Density: max memory 15271460864, total allocated 1330642944, free 234914440, used 1095728504, increment 0
linearPredictor: max memory 15271460864, total allocated 1330642944, free 233475304, used 1097167640, increment 1439136
makeFeatures: max memory 15271460864, total allocated 1330642944, free 233475304, used 1097167640, increment 1439136
species CHELSA_bio4_1981-2010_V.2.1: 
Regularization values: linear/quadratic/product: 0.087, categorical: 0.250, threshold: 1.130, hinge: 0.500
FeaturedSpace: max memory 15271460864, total allocated 1330642944, free 233415040, used 1097227904, increment 60264
Sequential: max memory 15271460864, total allocated 1330642944, free 233415040, used 1097227904, increment 0
Initial loss: 8.926783114101351
makeFeatures: max memory 15271460864, total allocated 1330642944, free 233354776, used 1097288168, increment 60264
species CHELSA_bio5_1981-2010_V.2.1: 
Regularization values: linear/quadratic/product: 0.087, categorical: 0.250, threshold: 1.130, hinge: 0.500
makeFeatures: max memory 15271460864, total allocated 1330642944, free 233354776, used 1097288168, increment 0
species CHELSA_hurs_range_1981-2010_V.2.1: 
Regularization values: linear/quadratic/product: 0.087, categorical: 0.250, threshold: 1.130, hinge: 0.500
FeaturedSpace: max memory 15271460864, total allocated 1330642944, free 233354776, used 1097288168, increment 0
Sequential: max memory 15271460864, total allocated 1330642944, free 231915640, used 1098727304, increment 1439136
Initial loss: 8.926783114101351
FeaturedSpace: max memory 15271460864, total allocated 1330642944, free 231915640, used 1098727304, increment 0
Sequential: max memory 15271460864, total allocated 1330642944, free 231915640, used 1098727304, increment 0
Initial loss: 8.926783114101351
makeFeatures: max memory 15271460864, total allocated 1330642944, free 231915640, used 1098727304, increment 0
species CHELSA_bio13_1981-2010_V.2.1: 
Regularization values: linear/quadratic/product: 0.087, categorical: 0.250, threshold: 1.130, hinge: 0.500
makeFeatures: max memory 15271460864, total allocated 1330642944, free 230476504, used 1100166440, increment 1439136
species CHELSA_bio14_1981-2010_V.2.1: 
Regularization values: linear/quadratic/product: 0.087, categorical: 0.250, threshold: 1.130, hinge: 0.500
makeFeatures: max memory 15271460864, total allocated 1330642944, free 230476504, used 1100166440, increment 0
species CHELSA_cmi_range_1981-2010_V.2.1: 
Regularization values: linear/quadratic/product: 0.087, categorical: 0.250, threshold: 1.130, hinge: 0.500
makeFeatures: max memory 15271460864, total allocated 1330642944, free 230476504, used 1100166440, increment 0
species CHELSA_gsl_1981-2010_V.2.1: 
Regularization values: linear/quadratic/product: 0.087, categorical: 0.250, threshold: 1.130, hinge: 0.500
makeFeatures: max memory 15271460864, total allocated 1330642944, free 227598216, used 1103044728, increment 2878288
species CHELSA_bio9_1981-2010_V.2.1: 
Regularization values: linear/quadratic/product: 0.087, categorical: 0.250, threshold: 1.130, hinge: 0.500
87 samples
Density: max memory 15271460864, total allocated 1330642944, free 211971744, used 1118671200, increment 15626472
linearPredictor: max memory 15271460864, total allocated 1330642944, free 211971744, used 1118671200, increment 0
FeaturedSpace: max memory 15271460864, total allocated 1330642944, free 211971744, used 1118671200, increment 0
Sequential: max memory 15271460864, total allocated 1330642944, free 211971744, used 1118671200, increment 0
Initial loss: 8.926783114101351
87 samples
Density: max memory 15271460864, total allocated 1330642944, free 210502120, used 1120140824, increment 1469624
linearPredictor: max memory 15271460864, total allocated 1330642944, free 210502120, used 1120140824, increment 0
87 samples
FeaturedSpace: max memory 15271460864, total allocated 1330642944, free 209084696, used 1121558248, increment 1417424
Sequential: max memory 15271460864, total allocated 1330642944, free 209084696, used 1121558248, increment 0
Initial loss: 8.926783114101351
Density: max memory 15271460864, total allocated 1330642944, free 209084696, used 1121558248, increment 0
linearPredictor: max memory 15271460864, total allocated 1330642944, free 209084696, used 1121558248, increment 0
FeaturedSpace: max memory 15271460864, total allocated 1330642944, free 209084696, used 1121558248, increment 0
Sequential: max memory 15271460864, total allocated 1330642944, free 209084696, used 1121558248, increment 0
Initial loss: 8.926783114101351
87 samples
Density: max memory 15271460864, total allocated 1325924352, free 581823264, used 744101088, increment -377457160
linearPredictor: max memory 15271460864, total allocated 1325924352, free 581823264, used 744101088, increment 0
87 samples
87 samples
Density: max memory 15271460864, total allocated 1325924352, free 581823264, used 744101088, increment 0
Density: max memory 15271460864, total allocated 1325924352, free 581823264, used 744101088, increment 0
linearPredictor: max memory 15271460864, total allocated 1325924352, free 581823264, used 744101088, increment 0
linearPredictor: max memory 15271460864, total allocated 1325924352, free 581823264, used 744101088, increment 0
FeaturedSpace: max memory 15271460864, total allocated 1325924352, free 581823264, used 744101088, increment 0
Sequential: max memory 15271460864, total allocated 1325924352, free 581823264, used 744101088, increment 0
Initial loss: 8.926783114101351
FeaturedSpace: max memory 15271460864, total allocated 1325924352, free 580256536, used 745667816, increment 1566728
Sequential: max memory 15271460864, total allocated 1325924352, free 580256536, used 745667816, increment 0
Initial loss: 8.926783114101351
FeaturedSpace: max memory 15271460864, total allocated 1325924352, free 580256536, used 745667816, increment 0
Sequential: max memory 15271460864, total allocated 1325924352, free 580256536, used 745667816, increment 0
Initial loss: 8.926783114101351
87 samples
Density: max memory 15271460864, total allocated 1325924352, free 580256536, used 745667816, increment 0
linearPredictor: max memory 15271460864, total allocated 1325924352, free 580256536, used 745667816, increment 0
87 samples
Density: max memory 15271460864, total allocated 1325924352, free 580256536, used 745667816, increment 0
linearPredictor: max memory 15271460864, total allocated 1325924352, free 580256536, used 745667816, increment 0
87 samples
FeaturedSpace: max memory 15271460864, total allocated 1325924352, free 580256536, used 745667816, increment 0
Sequential: max memory 15271460864, total allocated 1325924352, free 580256536, used 745667816, increment 0
Initial loss: 8.926783114101351
Density: max memory 15271460864, total allocated 1325924352, free 580256536, used 745667816, increment 0
linearPredictor: max memory 15271460864, total allocated 1325924352, free 580256536, used 745667816, increment 0
FeaturedSpace: max memory 15271460864, total allocated 1325924352, free 580256536, used 745667816, increment 0
Sequential: max memory 15271460864, total allocated 1325924352, free 580256536, used 745667816, increment 0
Initial loss: 8.926783114101351
FeaturedSpace: max memory 15271460864, total allocated 1325924352, free 580256536, used 745667816, increment 0
Sequential: max memory 15271460864, total allocated 1325924352, free 580256536, used 745667816, increment 0
Initial loss: 8.926783114101351
100: time = 0.038000 loss = 5.306295
Res.gain: 3.620488160073174
Making features
makeFeatures: max memory 15271460864, total allocated 1325924352, free 580256536, used 745667816, increment 0
species CHELSA_hurs_range_1981-2010_V.2.1: 
Regularization values: linear/quadratic/product: 0.087, categorical: 0.250, threshold: 1.130, hinge: 0.500
87 samples
Density: max memory 15271460864, total allocated 1325924352, free 580256536, used 745667816, increment 0
linearPredictor: max memory 15271460864, total allocated 1325924352, free 580256536, used 745667816, increment 0
FeaturedSpace: max memory 15271460864, total allocated 1325924352, free 580256536, used 745667816, increment 0
Sequential: max memory 15271460864, total allocated 1325924352, free 580256536, used 745667816, increment 0
Initial loss: 8.926783114101351
100: time = 0.042000 loss = 5.011735
Res.gain: 3.9150480331574036
Making features
makeFeatures: max memory 15271460864, total allocated 1325924352, free 579538192, used 746386160, increment 718344
species wc2.1_30s_elev: 
Regularization values: linear/quadratic/product: 0.087, categorical: 0.250, threshold: 1.130, hinge: 0.500
87 samples
Density: max memory 15271460864, total allocated 1325924352, free 579538192, used 746386160, increment 0
linearPredictor: max memory 15271460864, total allocated 1325924352, free 579538192, used 746386160, increment 0
FeaturedSpace: max memory 15271460864, total allocated 1325924352, free 579538192, used 746386160, increment 0
Sequential: max memory 15271460864, total allocated 1325924352, free 579538192, used 746386160, increment 0
Initial loss: 8.926783114101351
120: time = 0.053000 loss = 4.735537
Res.gain: 4.191246588379097
100: time = 0.034000 loss = 7.911239
Res.gain: 1.015543970387287
100: time = 0.051000 loss = 6.453433
Res.gain: 2.4733504609649852
240: time = 0.094000 loss = 6.876949
Res.gain: 2.0498338587546945
Time since start: 1.006
120: time = 0.134000 loss = 4.789000
Res.gain: 4.1377833698261774
260: time = 0.143000 loss = 7.622661
Res.gain: 1.3041223535904987
340: time = 0.172000 loss = 5.959531
Res.gain: 2.967252113395487
220: time = 0.203000 loss = 4.717009
200: time = 0.207000 loss = 4.718297
220: time = 0.211000 loss = 4.719283
220: time = 0.219000 loss = 4.744148
240: time = 0.233000 loss = 4.723399
300: time = 0.237000 loss = 4.716706
240: time = 0.239000 loss = 4.720470
320: time = 0.281000 loss = 4.716707
280: time = 0.288000 loss = 4.716712
Ending
